[00:25:47] [main/INFO] (FabricLoader/GameProvider) Loading Minecraft 1.20.6 with Fabric Loader 0.15.11
[00:25:47] [main/WARN] (FabricLoader/Resolution) Warnings were found!
 - Mod 'Sodium Extra' (sodium-extra) 0.5.5+mc1.20.6-build.118 recommends version 1.4.2 or later of reeses-sodium-options, which is missing!
	 - You should install version 1.4.2 or later of reeses-sodium-options for the optimal experience.
[00:25:47] [main/INFO] (FabricLoader) Loading 60 mods:
	- fabric-api 0.99.4+1.20.6
	- fabric-api-base 0.4.40+80f8cf51b0
	- fabric-api-lookup-api-v1 1.6.59+e9d2a72bb0
	- fabric-biome-api-v1 13.0.25+be5d88beb0
	- fabric-block-api-v1 1.0.20+6dfe4c9bb0
	- fabric-block-view-api-v2 1.0.8+80f8cf51b0
	- fabric-blockrenderlayer-v1 1.1.50+80f8cf51b0
	- fabric-client-tags-api-v1 1.1.12+7f945d5bb0
	- fabric-command-api-v1 1.2.45+f71b366fb0
	- fabric-command-api-v2 2.2.24+80f8cf51b0
	- fabric-commands-v0 0.2.62+df3654b3b0
	- fabric-content-registries-v0 8.0.5+b82b2392b0
	- fabric-convention-tags-v1 2.0.5+7f945d5bb0
	- fabric-convention-tags-v2 2.1.1+4152abe8b0
	- fabric-crash-report-info-v1 0.2.27+80f8cf51b0
	- fabric-data-attachment-api-v1 1.1.16+2a2c66b6b0
	- fabric-data-generation-api-v1 19.2.1+a5d5299db0
	- fabric-dimensions-v1 2.1.68+94793913b0
	- fabric-entity-events-v1 1.6.8+e9d2a72bb0
	- fabric-events-interaction-v0 0.7.6+c5fc38b3b0
	- fabric-game-rule-api-v1 1.0.50+80f8cf51b0
	- fabric-gametest-api-v1 1.3.17+1172e897b0
	- fabric-item-api-v1 8.2.3+6e5bbc4ab0
	- fabric-item-group-api-v1 4.0.39+aae0949ab0
	- fabric-key-binding-api-v1 1.0.45+80f8cf51b0
	- fabric-keybindings-v0 0.2.43+df3654b3b0
	- fabric-lifecycle-events-v1 2.3.4+c5fc38b3b0
	- fabric-loot-api-v2 3.0.5+97f703dab0
	- fabric-message-api-v1 6.0.11+a7dc0e41b0
	- fabric-model-loading-api-v1 1.0.12+80f8cf51b0
	- fabric-models-v0 0.4.11+9386d8a7b0
	- fabric-networking-api-v1 4.0.8+0dca0349b0
	- fabric-object-builder-api-v1 15.1.4+c5fc38b3b0
	- fabric-particles-v1 4.0.0+c5fc38b3b0
	- fabric-recipe-api-v1 5.0.3+c5fc38b3b0
	- fabric-registry-sync-v0 5.0.16+ad474493b0
	- fabric-renderer-api-v1 3.2.12+97f703dab0
	- fabric-renderer-indigo 1.5.13+8d125e3bb0
	- fabric-renderer-registries-v1 3.2.61+df3654b3b0
	- fabric-rendering-data-attachment-v1 0.3.46+73761d2eb0
	- fabric-rendering-fluids-v1 3.1.3+2c869dedb0
	- fabric-rendering-v0 1.1.64+df3654b3b0
	- fabric-rendering-v1 4.2.4+b21c00cbb0
	- fabric-resource-conditions-api-v1 4.2.0+a5d5299db0
	- fabric-resource-loader-v0 1.1.0+c0e5481fb0
	- fabric-screen-api-v1 2.0.21+7b70ea8ab0
	- fabric-screen-handler-api-v1 1.3.73+8c7b71c2b0
	- fabric-sound-api-v1 1.0.21+c5fc38b3b0
	- fabric-transfer-api-v1 5.1.6+c5fc38b3b0
	- fabric-transitive-access-wideners-v1 6.0.10+74e2f560b0
	- fabricloader 0.15.11
	- java 21
	- minecraft 1.20.6
	- mixinextras 0.3.5
	- modmenu 10.0.0-beta.1
	- sodium 0.5.8+mc1.20.6
	- sodium-extra 0.5.5+mc1.20.6-build.118
	   \-- caffeineconfig 1.3.0+1.17
	- sspb 3.3.0
	- test-minecraft-mod 1.0-SNAPSHOT
[00:25:51] [main/WARN] (FabricLoader/ModRemap) Error deleting temporary input jar true
java.nio.file.FileSystemException: F:\.repo\test-minecraft-mod\run\.fabric\tmp\caffeineconfig17712509582222475712.jar: The process cannot access the file because it is being used by another process
	at java.base/sun.nio.fs.WindowsException.translateToIOException(WindowsException.java:92) ~[?:?]
	at java.base/sun.nio.fs.WindowsException.rethrowAsIOException(WindowsException.java:103) ~[?:?]
	at java.base/sun.nio.fs.WindowsException.rethrowAsIOException(WindowsException.java:108) ~[?:?]
	at java.base/sun.nio.fs.WindowsFileSystemProvider.implDelete(WindowsFileSystemProvider.java:273) ~[?:?]
	at java.base/sun.nio.fs.AbstractFileSystemProvider.deleteIfExists(AbstractFileSystemProvider.java:109) ~[?:?]
	at java.base/java.nio.file.Files.deleteIfExists(Files.java:1191) ~[?:?]
	at net.fabricmc.loader.impl.discovery.RuntimeModRemapper.remap(RuntimeModRemapper.java:194) [fabric-loader-0.15.11.jar:?]
	at net.fabricmc.loader.impl.FabricLoaderImpl.setup(FabricLoaderImpl.java:242) [fabric-loader-0.15.11.jar:?]
	at net.fabricmc.loader.impl.FabricLoaderImpl.load(FabricLoaderImpl.java:192) [fabric-loader-0.15.11.jar:?]
	at net.fabricmc.loader.impl.launch.knot.Knot.init(Knot.java:146) [fabric-loader-0.15.11.jar:?]
	at net.fabricmc.loader.impl.launch.knot.Knot.launch(Knot.java:68) [fabric-loader-0.15.11.jar:?]
	at net.fabricmc.loader.impl.launch.knot.KnotClient.main(KnotClient.java:23) [fabric-loader-0.15.11.jar:?]
	at net.fabricmc.devlaunchinjector.Main.main(Main.java:86) [dev-launch-injector-0.2.1+build.8.jar:?]
[00:25:51] [main/INFO] (FabricLoader/Mixin) SpongePowered MIXIN Subsystem Version=0.8.5 Source=file:/C:/Users/SlamTheDragon/.gradle/caches/modules-2/files-2.1/net.fabricmc/sponge-mixin/0.13.3+mixin.0.8.5/9527e6b0d2449408958fd1302594dc65ec5ade9c/sponge-mixin-0.13.3+mixin.0.8.5.jar Service=Knot/Fabric Env=CLIENT
[00:25:51] [main/INFO] (FabricLoader/Mixin) Loaded Fabric development mappings for mixin remapper!
[00:25:51] [main/INFO] (FabricLoader/Mixin) Compatibility level set to JAVA_17
[00:25:51] [main/INFO] (FabricLoader/Mixin) Compatibility level set to JAVA_21
[00:25:52] [main/INFO] (Sodium) Loaded configuration file for Sodium: 42 options available, 0 override(s) found
[00:25:52] [main/INFO] (Sodium Extra Config) Loaded configuration file for Sodium Extra: 35 options available, 0 override(s) found
[00:25:52] [main/INFO] (SSPB) [SSPB] Indium not detected. Option to toggle vanilla path block lighting is disabled
[00:25:52] [main/WARN] (FabricLoader/Mixin) Error loading class: link/infra/indium/renderer/aocalc/AoCalculator (java.lang.ClassNotFoundException: link/infra/indium/renderer/aocalc/AoCalculator)
[00:25:53] [main/INFO] (Sodium-GraphicsAdapterProbe) Searching for graphics cards...
[00:25:53] [main/INFO] (Sodium-GraphicsAdapterProbe) Found graphics card: GraphicsAdapterInfo[vendor=INTEL, name=Intel(R) UHD Graphics 630, version=26.20.100.6911]
[00:25:53] [main/INFO] (Sodium-GraphicsAdapterProbe) Found graphics card: GraphicsAdapterInfo[vendor=NVIDIA, name=NVIDIA GeForce GTX 1660 Ti, version=31.0.15.4633]
[00:25:53] [main/WARN] (Sodium-Workarounds) Sodium has applied one or more workarounds to prevent crashes or other issues on your system: [NVIDIA_THREADED_OPTIMIZATIONS]
[00:25:53] [main/WARN] (Sodium-Workarounds) This is not necessarily an issue, but it may result in certain features or optimizations being disabled. You can sometimes fix these issues by upgrading your graphics driver.
[00:25:54] [main/INFO] (FabricLoader/MixinExtras|Service) Initializing MixinExtras via com.llamalad7.mixinextras.service.MixinExtrasServiceImpl(version=0.3.5).
[00:26:00] [Datafixer Bootstrap/INFO] (Minecraft) 222 Datafixer optimizations took 338 milliseconds
[00:26:03] [Render thread/INFO] (Minecraft) Environment: Environment[sessionHost=https://sessionserver.mojang.com, servicesHost=https://api.minecraftservices.com, name=PROD]
[00:26:03] [Render thread/INFO] (Minecraft) Setting user: Player484
[00:26:03] [Render thread/INFO] (modid) Hello Fabric world 2!
[00:26:03] [Render thread/INFO] (modid) I'm actually making a fucking mod holy shit
[00:26:03] [Render thread/INFO] (SSPB) [SSPB] Broken dirt path lighting is best dirt path lighting lol
[00:26:03] [Render thread/INFO] (Indigo) [Indigo] Different rendering plugin detected; not applying Indigo.
[00:26:03] [Render thread/INFO] (Mod Menu/Update Checker) Checking mod updates...
[00:26:04] [Render thread/INFO] (Minecraft) Backend library: LWJGL version 3.3.3-snapshot
[00:26:04] [Render thread/WARN] (Sodium-NvidiaWorkarounds) Applying workaround: Prevent the NVIDIA OpenGL driver from using broken optimizations (NVIDIA_THREADED_OPTIMIZATIONS)
[00:26:05] [Render thread/INFO] (Sodium-PostlaunchChecks) OpenGL Vendor: NVIDIA Corporation
[00:26:05] [Render thread/INFO] (Sodium-PostlaunchChecks) OpenGL Renderer: NVIDIA GeForce GTX 1660 Ti/PCIe/SSE2
[00:26:05] [Render thread/INFO] (Sodium-PostlaunchChecks) OpenGL Version: 3.2.0 NVIDIA 546.33
[00:26:06] [Render thread/INFO] (Minecraft) Reloading ResourceManager: vanilla, fabric, caffeineconfig, fabric-api, fabric-api-base, fabric-api-lookup-api-v1, fabric-biome-api-v1, fabric-block-api-v1, fabric-block-view-api-v2, fabric-blockrenderlayer-v1, fabric-client-tags-api-v1, fabric-command-api-v1, fabric-command-api-v2, fabric-commands-v0, fabric-content-registries-v0, fabric-convention-tags-v1, fabric-convention-tags-v2, fabric-crash-report-info-v1, fabric-data-attachment-api-v1, fabric-data-generation-api-v1, fabric-dimensions-v1, fabric-entity-events-v1, fabric-events-interaction-v0, fabric-game-rule-api-v1, fabric-gametest-api-v1, fabric-item-api-v1, fabric-item-group-api-v1, fabric-key-binding-api-v1, fabric-keybindings-v0, fabric-lifecycle-events-v1, fabric-loot-api-v2, fabric-message-api-v1, fabric-model-loading-api-v1, fabric-models-v0, fabric-networking-api-v1, fabric-object-builder-api-v1, fabric-particles-v1, fabric-recipe-api-v1, fabric-registry-sync-v0, fabric-renderer-api-v1, fabric-renderer-indigo, fabric-renderer-registries-v1, fabric-rendering-data-attachment-v1, fabric-rendering-fluids-v1, fabric-rendering-v0, fabric-rendering-v1, fabric-resource-conditions-api-v1, fabric-resource-loader-v0, fabric-screen-api-v1, fabric-screen-handler-api-v1, fabric-sound-api-v1, fabric-transfer-api-v1, fabric-transitive-access-wideners-v1, fabricloader, modmenu, sodium, sodium-extra, sspb, test-minecraft-mod
[00:26:06] [Worker-Main-4/INFO] (Minecraft) Found unifont_all_no_pua-15.1.04.hex, loading
[00:26:07] [Worker-Main-8/INFO] (Minecraft) Found unifont_jp_patch-15.1.04.hex, loading
[00:26:08] [Render thread/WARN] (Minecraft) Missing sound for event: minecraft:item.goat_horn.play
[00:26:08] [Render thread/WARN] (Minecraft) Missing sound for event: minecraft:entity.goat.screaming.horn_break
[00:26:09] [Render thread/INFO] (Minecraft) OpenAL initialized on device OpenAL Soft on Speakers (Realtek(R) Audio)
[00:26:09] [Render thread/INFO] (Minecraft) Sound engine started
[00:26:09] [Render thread/INFO] (Minecraft) Created: 1024x512x4 minecraft:textures/atlas/blocks.png-atlas
[00:26:09] [Render thread/INFO] (Minecraft) Created: 256x256x4 minecraft:textures/atlas/signs.png-atlas
[00:26:09] [Render thread/INFO] (Minecraft) Created: 512x512x4 minecraft:textures/atlas/banner_patterns.png-atlas
[00:26:09] [Render thread/INFO] (Minecraft) Created: 512x512x4 minecraft:textures/atlas/shield_patterns.png-atlas
[00:26:09] [Render thread/INFO] (Minecraft) Created: 1024x1024x4 minecraft:textures/atlas/armor_trims.png-atlas
[00:26:09] [Render thread/INFO] (Minecraft) Created: 128x64x4 minecraft:textures/atlas/decorated_pot.png-atlas
[00:26:09] [Render thread/INFO] (Minecraft) Created: 256x256x4 minecraft:textures/atlas/chest.png-atlas
[00:26:09] [Render thread/INFO] (Minecraft) Created: 512x256x4 minecraft:textures/atlas/shulker_boxes.png-atlas
[00:26:09] [Render thread/INFO] (Minecraft) Created: 512x256x4 minecraft:textures/atlas/beds.png-atlas
[00:26:09] [Render thread/INFO] (Minecraft) Created: 512x256x0 minecraft:textures/atlas/particles.png-atlas
[00:26:09] [Render thread/INFO] (Minecraft) Created: 256x256x0 minecraft:textures/atlas/paintings.png-atlas
[00:26:09] [Render thread/INFO] (Minecraft) Created: 256x128x0 minecraft:textures/atlas/mob_effects.png-atlas
[00:26:09] [Render thread/INFO] (Minecraft) Created: 64x64x0 minecraft:textures/atlas/map_decorations.png-atlas
[00:26:09] [Render thread/INFO] (Minecraft) Created: 1024x512x0 minecraft:textures/atlas/gui.png-atlas
[00:26:09] [Render thread/WARN] (Minecraft) Shader rendertype_entity_translucent_emissive could not find sampler named Sampler2 in the specified shader program.
